<?xml version="1.0" encoding="UTF-8"?>
<!-- Generated by org.testng.reporters.JUnitXMLReporter -->
<testsuite ignored="0" hostname="DESKTOP-52GCFRM" failures="0" tests="3" name="Default test" time="35.916" errors="0" timestamp="2021-10-17T16:45:57 IST">
  <testcase classname="Practice.E2EProjectOne.HomePage" name="basePageNavigationLogin" time="11.706"/>
  <testcase classname="Practice.E2EProjectOne.HomePage" name="basePageNavigationLogin" time="11.018"/>
  <testcase classname="Practice.E2EProjectOne.HomePage" name="basePageNavigationLogin" time="11.015"/>
</testsuite> <!-- Default test -->
