<?xml version="1.0" encoding="UTF-8"?>
<!-- Generated by org.testng.reporters.JUnitXMLReporter -->
<testsuite ignored="0" hostname="DESKTOP-52GCFRM" failures="0" tests="1" name="Test2" time="0.12" errors="0" timestamp="2021-10-18T19:17:36 IST">
  <testcase classname="Practice.E2EProjectOne.validateTitle" name="@BeforeTest initialize" time="0.009">
    <failure type="java.lang.NullPointerException" message="Cannot invoke &amp;quot;String.equals(Object)&amp;quot; because &amp;quot;browserName&amp;quot; is null">
      <![CDATA[java.lang.NullPointerException: Cannot invoke "String.equals(Object)" because "browserName" is null
at Resources.BaseClass.InitializeDriver(BaseClass.java:34)
at Practice.E2EProjectOne.validateTitle.initialize(validateTitle.java:29)
at java.base/java.util.concurrent.FutureTask.run(FutureTask.java:264)
at java.base/java.util.concurrent.ThreadPoolExecutor.runWorker(ThreadPoolExecutor.java:1130)
at java.base/java.util.concurrent.ThreadPoolExecutor$Worker.run(ThreadPoolExecutor.java:630)
at java.base/java.lang.Thread.run(Thread.java:831)
... Removed 15 stack frames]]>
    </failure>
  </testcase> <!-- @BeforeTest initialize -->
  <testcase classname="Practice.E2EProjectOne.validateTitle" name="@AfterTest teardown" time="-1.634564856039E9">
    <skipped/>
  </testcase> <!-- @AfterTest teardown -->
  <testcase classname="Practice.E2EProjectOne.validateTitle" name="ValidatPageTitleAfterLogin" time="0.0">
    <skipped/>
  </testcase> <!-- ValidatPageTitleAfterLogin -->
</testsuite> <!-- Test2 -->
