<?xml version="1.0" encoding="UTF-8"?>
<!-- Generated by org.testng.reporters.JUnitXMLReporter -->
<testsuite ignored="0" hostname="DESKTOP-52GCFRM" failures="0" tests="3" name="Test" time="46.084" errors="0" timestamp="2021-10-18T19:54:55 IST">
  <testcase classname="Practice.E2EProjectOne.HomePage" name="basePageNavigationLogin" time="12.536"/>
  <testcase classname="Practice.E2EProjectOne.HomePage" name="basePageNavigationLogin" time="11.169"/>
  <testcase classname="Practice.E2EProjectOne.HomePage" name="basePageNavigationLogin" time="11.291"/>
</testsuite> <!-- Test -->
