<?xml version="1.0" encoding="UTF-8"?>
<testsuite xmlns:xsi="http://www.w3.org/2001/XMLSchema-instance" xsi:noNamespaceSchemaLocation="https://maven.apache.org/surefire/maven-surefire-plugin/xsd/surefire-test-report-3.0.xsd" version="3.0" name="TestSuite" time="49.043" tests="4" errors="0" skipped="0" failures="0">
  <properties>
[...]
</properties>
  <testcase name="ValidatPageTitleAfterLogin" classname="Practice.E2EProjectOne.validateTitle" time="0.002">
    <system-out><![CDATA[Test completed
]]></system-out>
    <system-err><![CDATA[1634567049821	geckodriver	INFO	Listening on 127.0.0.1:21771
1634567049837	geckodriver	INFO	Listening on 127.0.0.1:17637
16341634567050587	mozr5u6nn7e0r5::05r8u7n	mneorz	rIunner::runner	INFO	Running command: "C:\\Program Files (x86)\\Mozilla Firefox\\firefox.exe" "--marionette" "-foreground" "-no-remote" "-profile" "C:\\Users\\Admin\\AppData\\Local\\Temp\\rust_mozprofile4PNxiFnFO"	
Running command: "C:\\Program Files (x86)\\Mozilla Firefox\\firefox.exe" "--marionette" "-foreground" "-no-remote" "-profile" "C:\\Users\\Admin\\AppData\\Local\\Temp\\rust_mozprofileDjW3VD"
1634567051580	Marionette	INFO	Marionette enabled
1634567051626	Marionette	INFO	Marionette enabled
console.warn: SearchSettings: "get: No settings file exists, new profile?" (new NotFoundError("Could not open the file at C:\\Users\\Admin\\AppData\\Local\\Temp\\rust_mozprofileDjW3VD\\search.json.mozlz4", (void 0)))
console.warn: SearchSettings: "get: No settings file exists, new profile?" (new NotFoundError("Could not open the file at C:\\Users\\Admin\\AppData\\Local\\Temp\\rust_mozprofile4PxinF\\search.json.mozlz4", (void 0)))
1634567058097	Marionette	INFO	Listening on port 49889
1634567058261	RemoteAgent	WARN	TLS certificate errors will be ignored for this session
Oct 18, 2021 7:54:18 PM org.openqa.selenium.remote.ProtocolHandshake createSession
INFO: Detected dialect: W3C
1634567058330	Marionette	INFO	Listening on port 49888
1634567058856	RemoteAgent	WARN	TLS certificate errors will be ignored for this session
Oct 18, 2021 7:54:18 PM org.openqa.selenium.remote.ProtocolHandshake createSession
INFO: Detected dialect: W3C
]]></system-err>
  </testcase>
  <testcase name="basePageNavigationLogin[darshankoundinya.learning@gmail.com, dksr@1394](1)" classname="Practice.E2EProjectOne.HomePage" time="9.332">
    <system-err><![CDATA[1634567060943	Marionette	INFO	Stopped listening on port 49889
JavaScript error: resource:///modules/Interactions.jsm, line 201: NS_ERROR_FAILURE: Component returned failure code: 0x80004005 (NS_ERROR_FAILURE) [nsIUserIdleService.removeIdleObserver]
JavaScript error: resource://gre/modules/UrlClassifierListManager.jsm, line 691: TypeError: this.tablesData[table] is undefined
]]></system-err>
  </testcase>
  <testcase name="basePageNavigationLogin[restricteduser@gmail.com, dksr@1394](2)" classname="Practice.E2EProjectOne.HomePage" time="11.133"/>
  <testcase name="basePageNavigationLogin[nonrestricteduser@gmail.com, ](3)" classname="Practice.E2EProjectOne.HomePage" time="11.29"/>
</testsuite>